Name                             Stmts   Miss  Cover   Missing
--------------------------------------------------------------
app.py                              37      5    86%   113, 121-123, 149
data/text_data.py                    7      0   100%
inference/inference_network.py      28      5    82%   28, 33-37
inference/infonode.py               57      0   100%
inference/ranknode.py               85      5    94%   38, 41, 79-80, 90
inference/statnode.py               83      8    90%   48-51, 62-63, 105, 110
main.py                             27     27     0%   1-34
modules/analysis.py                 57      0   100%
modules/objects.py                  78      6    92%   4-7, 10-11
modules/query.py                     7      0   100%
modules/scraper.py                 197     55    72%   133-157, 255-262, 335-373
modules/transformer.py              86      3    97%   28, 30, 104
preprocess.py                      139     79    43%   69-110, 114-141, 145-153, 155
query_classifier.py                 29     29     0%   1-47
tests/flask_tests.py                72      1    99%   103
tests/inference_tests.py           126      1    99%   178
tests/module_tests.py               82      1    99%   123
visualize.py                        37     37     0%   1-57
--------------------------------------------------------------
TOTAL                             1234    262    79%
